{
 "total": 66,
 "ok": 36,
 "failed": 30,
 "classes_covered": [
  "APFC",
  "Diesel Generator",
  "HT Panel",
  "LT Panel",
  "LT Panel (PCC)",
  "Transformer",
  "UPS"
 ],
 "intents_covered": [
  "current",
  "current-hist",
  "current-thd",
  "demand",
  "distribution",
  "energy-kwh",
  "energy-power",
  "harmonics",
  "realtime",
  "voltage",
  "voltage-hist",
  "voltage-ll"
 ],
 "pages_routed": [
  "individual-feeder-meter-shell/energy-power",
  "individual-feeder-meter-shell/power-quality",
  "individual-feeder-meter-shell/real-time-monitoring",
  "individual-feeder-meter-shell/voltage-current",
  "panel-overview-shell/energy-distribution",
  "panel-overview-shell/energy-power",
  "panel-overview-shell/real-time-monitoring",
  "panel-overview-shell/voltage-current"
 ],
 "assets_resolved": 36,
 "metric_cols_hit": 29,
 "asset_pending_count": 0,
 "zero_card_count": 0,
 "frame_fetched_count": 28,
 "avg_elapsed_s": 62.1,
 "failures": [
  {
   "id": 37,
   "prompt": "Bus Coupler-19 PQ compliance overview",
   "error": "RemoteDisconnected: Remote end closed connection without response"
  },
  {
   "id": 38,
   "prompt": "power quality assessment of solar incomer 1",
   "error": "RemoteDisconnected: Remote end closed connection without response"
  },
  {
   "id": 39,
   "prompt": "power quality summary for solar incomer 2",
   "error": "RemoteDisconnected: Remote end closed connection without response"
  },
  {
   "id": 40,
   "prompt": "BPDB-01 For Lamination-01&02 pf per phase",
   "error": "URLError: <urlopen error [Errno 111] Connection refused>"
  },
  {
   "id": 41,
   "prompt": "is HHF-01 (TYPE-01) 300A +600KVAR running at good power factor",
   "error": "URLError: <urlopen error [Errno 111] Connection refused>"
  },
  {
   "id": 42,
   "prompt": "power factor for Transformer 1",
   "error": "URLError: <urlopen error [Errno 111] Connection refused>"
  },
  {
   "id": 43,
   "prompt": "Transformer 2 grid frequency",
   "error": "URLError: <urlopen error [Errno 111] Connection refused>"
  },
  {
   "id": 44,
   "prompt": "frequency stability on Transformer 3",
   "error": "URLError: <urlopen error [Errno 111] Connection refused>"
  },
  {
   "id": 45,
   "prompt": "frequency reading for Transformer 4",
   "error": "URLError: <urlopen error [Errno 111] Connection refused>"
  },
  {
   "id": 46,
   "prompt": "Transformer 5 kVAR demand",
   "error": "URLError: <urlopen error [Errno 111] Connection refused>"
  },
  {
   "id": 47,
   "prompt": "reactive power per phase on Transformer 6",
   "error": "URLError: <urlopen error [Errno 111] Connection refused>"
  },
  {
   "id": 48,
   "prompt": "reactive power for Transformer 7",
   "error": "URLError: <urlopen error [Errno 111] Connection refused>"
  },
  {
   "id": 49,
   "prompt": "Transformer 8 kVA loading",
   "error": "URLError: <urlopen error [Errno 111] Connection refused>"
  },
  {
   "id": 50,
   "prompt": "apparent power per phase on HT Transformer 1",
   "error": "URLError: <urlopen error [Errno 111] Connection refused>"
  },
  {
   "id": 51,
   "prompt": "apparent power for PCC Panel 1 A",
   "error": "URLError: <urlopen error [Errno 111] Connection refused>"
  },
  {
   "id": 52,
   "prompt": "PCC Panel 1 B R Y B phase power split",
   "error": "URLError: <urlopen error [Errno 111] Connection refused>"
  },
  {
   "id": 53,
   "prompt": "phase-wise kW on PCC Panel 2 A",
   "error": "URLError: <urlopen error [Errno 111] Connection refused>"
  },
  {
   "id": 54,
   "prompt": "per-phase active power for PCC Panel 2 B",
   "error": "URLError: <urlopen error [Errno 111] Connection refused>"
  },
  {
   "id": 55,
   "prompt": "PCC Panel 3 A phase unbalance",
   "error": "URLError: <urlopen error [Errno 111] Connection refused>"
  },
  {
   "id": 56,
   "prompt": "is PCC Panel 3 B balanced across phases",
   "error": "URLError: <urlopen error [Errno 111] Connection refused>"
  },
  {
   "id": 57,
   "prompt": "voltage and current unbalance for PCC Panel 4",
   "error": "URLError: <urlopen error [Errno 111] Connection refused>"
  },
  {
   "id": 58,
   "prompt": "Diesel Generator-01 abnormal load events",
   "error": "URLError: <urlopen error [Errno 111] Connection refused>"
  },
  {
   "id": 59,
   "prompt": "any anomalies on Diesel Generator-02 recently",
   "error": "URLError: <urlopen error [Errno 111] Connection refused>"
  },
  {
   "id": 60,
   "prompt": "load anomalies for Diesel Generator-03",
   "error": "URLError: <urlopen error [Errno 111] Connection refused>"
  },
  {
   "id": 61,
   "prompt": "Diesel Generator-04 SLD overview",
   "error": "URLError: <urlopen error [Errno 111] Connection refused>"
  },
  {
   "id": 62,
   "prompt": "topology and overview of Diesel Generator-05",
   "error": "URLError: <urlopen error [Errno 111] Connection refused>"
  },
  {
   "id": 63,
   "prompt": "single line diagram for Diesel Generator-06",
   "error": "URLError: <urlopen error [Errno 111] Connection refused>"
  },
  {
   "id": 64,
   "prompt": "Diesel Generator-07 phase comparison R vs Y vs B",
   "error": "URLError: <urlopen error [Errno 111] Connection refused>"
  },
  {
   "id": 65,
   "prompt": "how do the three phases of Diesel Generator-08 compare",
   "error": "URLError: <urlopen error [Errno 111] Connection refused>"
  },
  {
   "id": 66,
   "prompt": "compare power across APFC Panel-1 phases",
   "error": "URLError: <urlopen error [Errno 111] Connection refused>"
  }
 ]
}
